<?xml version="1.0" encoding="UTF-8"?>
<!-- Generated by org.testng.reporters.JUnitReportReporter -->
<testsuite hostname="RayhanaIbrahim" failures="0" tests="2" name="qa.test.TestCase4" time="14.472" errors="0" timestamp="2025-04-10T14:34:20 EDT" skipped="0">
  <testcase classname="qa.test.TestCase4" name="ShowContactListMethod" time="14.472"/>
  <system-out/>
  <testcase classname="qa.test.TestCase4" name="testExample" time="0.000"/>
  <system-out/>
</testsuite> <!-- qa.test.TestCase4 -->
