<?xml version="1.0" encoding="UTF-8"?>
<!-- Generated by org.testng.reporters.JUnitReportReporter -->
<testsuite hostname="RayhanaIbrahim" failures="0" tests="2" name="qa.test.TestCase8" time="11.114" errors="0" timestamp="2025-04-10T14:34:20 EDT" skipped="0">
  <testcase classname="qa.test.TestCase8" name="testExample" time="0.005"/>
  <system-out/>
  <testcase classname="qa.test.TestCase8" name="returnConlistMethod" time="11.109"/>
  <system-out/>
</testsuite> <!-- qa.test.TestCase8 -->
