<?xml version="1.0" encoding="UTF-8"?>
<!-- Generated by org.testng.reporters.JUnitReportReporter -->
<testsuite hostname="RayhanaIbrahim" failures="0" tests="2" name="qa.test.TestCase10" time="0.007" errors="0" timestamp="2025-03-11T16:34:08 EDT" skipped="0">
  <testcase classname="qa.test.TestCase10" name="testExample" time="0.003"/>
  <system-out/>
  <testcase classname="qa.test.TestCase10" name="logoutMethod" time="0.004"/>
  <system-out/>
</testsuite> <!-- qa.test.TestCase10 -->
