<?xml version="1.0" encoding="UTF-8"?>
<!-- Generated by org.testng.reporters.JUnitReportReporter -->
<testsuite hostname="RayhanaIbrahim" failures="0" tests="2" name="qa.test.TestCase6" time="0.639" errors="0" timestamp="2025-03-11T16:34:08 EDT" skipped="0">
  <testcase classname="qa.test.TestCase6" name="EditContactMethod" time="0.638"/>
  <system-out/>
  <testcase classname="qa.test.TestCase6" name="testExample" time="0.001"/>
  <system-out/>
</testsuite> <!-- qa.test.TestCase6 -->
