<?xml version="1.0" encoding="UTF-8"?>
<!-- Generated by org.testng.reporters.JUnitReportReporter -->
<testsuite hostname="RayhanaIbrahim" failures="0" tests="2" name="qa.test.TestCase2" time="1.367" errors="0" timestamp="2025-04-10T14:34:20 EDT" skipped="0">
  <testcase classname="qa.test.TestCase2" name="InsertingContactDetail" time="1.363"/>
  <system-out/>
  <testcase classname="qa.test.TestCase2" name="testExample" time="0.004"/>
  <system-out/>
</testsuite> <!-- qa.test.TestCase2 -->
